TN:
SF:routes/power.js
FN:8,(anonymous_0)
FN:34,(anonymous_1)
FN:42,(anonymous_2)
FN:42,(anonymous_3)
FNF:4
FNH:0
FNDA:0,(anonymous_0)
FNDA:0,(anonymous_1)
FNDA:0,(anonymous_2)
FNDA:0,(anonymous_3)
DA:1,0
DA:2,0
DA:3,0
DA:4,0
DA:6,0
DA:8,0
DA:17,0
DA:19,0
DA:20,0
DA:23,0
DA:24,0
DA:33,0
DA:34,0
DA:42,0
DA:43,0
DA:45,0
DA:46,0
DA:49,0
DA:56,0
LF:19
LH:0
BRDA:12,0,0,0
BRDA:13,1,0,0
BRDA:14,2,0,0
BRDA:15,3,0,0
BRDA:16,4,0,0
BRDA:19,5,0,0
BRDA:19,5,1,0
BRDA:23,6,0,0
BRDA:23,6,1,0
BRDA:33,7,0,0
BRDA:33,7,1,0
BRDA:45,8,0,0
BRDA:45,8,1,0
BRF:13
BRH:0
end_of_record
TN:
SF:utils/dataLoader.js
FN:7,(anonymous_0)
FN:10,(anonymous_1)
FN:12,(anonymous_2)
FN:25,(anonymous_3)
FNF:4
FNH:4
FNDA:6,(anonymous_0)
FNDA:2,(anonymous_1)
FNDA:4,(anonymous_2)
FNDA:1,(anonymous_3)
DA:1,1
DA:2,1
DA:3,1
DA:5,1
DA:7,1
DA:8,6
DA:10,2
DA:13,4
DA:14,4
DA:16,4
DA:17,3
DA:18,3
DA:21,1
DA:22,1
DA:23,1
DA:26,1
DA:30,1
LF:17
LH:17
BRDA:16,0,0,3
BRDA:16,0,1,1
BRF:2
BRH:2
end_of_record
TN:
SF:utils/helpers.js
FN:4,(anonymous_0)
FN:5,(anonymous_1)
FN:20,(anonymous_2)
FN:25,(anonymous_3)
FN:27,(anonymous_4)
FN:33,(anonymous_5)
FNF:6
FNH:6
FNDA:7,(anonymous_0)
FNDA:28,(anonymous_1)
FNDA:8,(anonymous_2)
FNDA:5,(anonymous_3)
FNDA:5,(anonymous_4)
FNDA:7,(anonymous_5)
DA:1,1
DA:4,1
DA:5,7
DA:6,28
DA:7,28
DA:9,28
DA:10,27
DA:11,23
DA:12,20
DA:13,19
DA:15,18
DA:20,1
DA:21,8
DA:23,7
DA:25,5
DA:27,5
DA:29,1
DA:31,1
DA:33,7
DA:34,2
DA:35,2
DA:40,1
DA:44,1
LF:23
LH:23
BRDA:9,0,0,1
BRDA:9,0,1,27
BRDA:9,1,0,28
BRDA:9,1,1,8
BRDA:10,2,0,4
BRDA:10,2,1,23
BRDA:10,3,0,27
BRDA:10,3,1,7
BRDA:11,4,0,3
BRDA:11,4,1,20
BRDA:11,5,0,23
BRDA:11,5,1,6
BRDA:12,6,0,1
BRDA:12,6,1,19
BRDA:12,7,0,20
BRDA:12,7,1,4
BRDA:13,8,0,1
BRDA:13,8,1,18
BRDA:13,9,0,19
BRDA:13,9,1,9
BRDA:13,9,2,5
BRDA:21,10,0,1
BRDA:21,10,1,7
BRDA:23,11,0,1
BRDA:23,11,1,1
BRDA:23,11,2,1
BRDA:23,11,3,1
BRDA:23,11,4,2
BRDA:23,11,5,1
BRDA:35,12,0,1
BRDA:35,12,1,1
BRF:31
BRH:31
end_of_record
TN:
SF:utils/store.js
FNF:0
FNH:0
DA:1,1
LF:1
LH:1
BRF:0
BRH:0
end_of_record
